2023-04-07T11:05:11.540+05:30  INFO 18168 --- [restartedMain] c.c.a.PhysicianAvailabilityApplication   : Starting PhysicianAvailabilityApplication using Java 17.0.6 with PID 18168 (C:\Users\KUNAL\Desktop\final-integration\Final-integration\Microservices\g3-physician-availability-service\target\classes started by KUNAL in C:\Users\KUNAL\Desktop\final-integration\Final-integration\Microservices\g3-physician-availability-service)
2023-04-07T11:05:11.552+05:30  INFO 18168 --- [restartedMain] c.c.a.PhysicianAvailabilityApplication   : No active profile set, falling back to 1 default profile: "default"
2023-04-07T11:05:11.670+05:30  INFO 18168 --- [restartedMain] .e.DevToolsPropertyDefaultsPostProcessor : Devtools property defaults active! Set 'spring.devtools.add-properties' to 'false' to disable
2023-04-07T11:05:11.671+05:30  INFO 18168 --- [restartedMain] .e.DevToolsPropertyDefaultsPostProcessor : For additional web related logging consider setting the 'logging.level.web' property to 'DEBUG'
2023-04-07T11:05:15.553+05:30  INFO 18168 --- [restartedMain] .s.d.r.c.RepositoryConfigurationDelegate : Bootstrapping Spring Data JPA repositories in DEFAULT mode.
2023-04-07T11:05:16.340+05:30  INFO 18168 --- [restartedMain] .s.d.r.c.RepositoryConfigurationDelegate : Finished Spring Data repository scanning in 767 ms. Found 2 JPA repository interfaces.
2023-04-07T11:05:18.294+05:30  INFO 18168 --- [restartedMain] o.s.cloud.context.scope.GenericScope     : BeanFactory id=01d0d99e-9238-31a1-876a-1a65c734d748
2023-04-07T11:05:18.653+05:30  INFO 18168 --- [restartedMain] trationDelegate$BeanPostProcessorChecker : Bean 'org.springframework.ws.config.annotation.DelegatingWsConfiguration' of type [org.springframework.ws.config.annotation.DelegatingWsConfiguration$$SpringCGLIB$$0] is not eligible for getting processed by all BeanPostProcessors (for example: not eligible for auto-proxying)
2023-04-07T11:05:18.777+05:30  INFO 18168 --- [restartedMain] .w.s.a.s.AnnotationActionEndpointMapping : Supporting [WS-Addressing August 2004, WS-Addressing 1.0]
2023-04-07T11:05:20.524+05:30  INFO 18168 --- [restartedMain] o.s.b.w.embedded.tomcat.TomcatWebServer  : Tomcat initialized with port(s): 9007 (http)
2023-04-07T11:05:20.556+05:30  INFO 18168 --- [restartedMain] o.apache.catalina.core.StandardService   : Starting service [Tomcat]
2023-04-07T11:05:20.557+05:30  INFO 18168 --- [restartedMain] o.apache.catalina.core.StandardEngine    : Starting Servlet engine: [Apache Tomcat/10.1.5]
2023-04-07T11:05:20.788+05:30  INFO 18168 --- [restartedMain] o.a.c.c.C.[Tomcat].[localhost].[/]       : Initializing Spring embedded WebApplicationContext
2023-04-07T11:05:20.790+05:30  INFO 18168 --- [restartedMain] w.s.c.ServletWebServerApplicationContext : Root WebApplicationContext: initialization completed in 9116 ms
2023-04-07T11:05:21.524+05:30  INFO 18168 --- [restartedMain] o.hibernate.jpa.internal.util.LogHelper  : HHH000204: Processing PersistenceUnitInfo [name: default]
2023-04-07T11:05:21.724+05:30  INFO 18168 --- [restartedMain] org.hibernate.Version                    : HHH000412: Hibernate ORM core version 6.1.7.Final
2023-04-07T11:05:22.686+05:30  INFO 18168 --- [restartedMain] com.zaxxer.hikari.HikariDataSource       : HikariPool-1 - Starting...
2023-04-07T11:05:23.356+05:30  INFO 18168 --- [restartedMain] com.zaxxer.hikari.pool.HikariPool        : HikariPool-1 - Added connection com.mysql.cj.jdbc.ConnectionImpl@2b1bec43
2023-04-07T11:05:23.359+05:30  INFO 18168 --- [restartedMain] com.zaxxer.hikari.HikariDataSource       : HikariPool-1 - Start completed.
2023-04-07T11:05:23.692+05:30  INFO 18168 --- [restartedMain] SQL dialect                              : HHH000400: Using dialect: org.hibernate.dialect.MySQLDialect
2023-04-07T11:05:26.404+05:30  INFO 18168 --- [restartedMain] o.h.e.t.j.p.i.JtaPlatformInitiator       : HHH000490: Using JtaPlatform implementation: [org.hibernate.engine.transaction.jta.platform.internal.NoJtaPlatform]
2023-04-07T11:05:26.427+05:30  INFO 18168 --- [restartedMain] j.LocalContainerEntityManagerFactoryBean : Initialized JPA EntityManagerFactory for persistence unit 'default'
2023-04-07T11:05:27.653+05:30  WARN 18168 --- [restartedMain] JpaBaseConfiguration$JpaWebConfiguration : spring.jpa.open-in-view is enabled by default. Therefore, database queries may be performed during view rendering. Explicitly configure spring.jpa.open-in-view to disable this warning
2023-04-07T11:05:30.846+05:30  WARN 18168 --- [restartedMain] o.s.b.d.a.OptionalLiveReloadServer       : Unable to start LiveReload server
2023-04-07T11:05:31.412+05:30  WARN 18168 --- [restartedMain] iguration$LoadBalancerCaffeineWarnLogger : Spring Cloud LoadBalancer is currently working with the default cache. While this cache implementation is useful for development and tests, it's recommended to use Caffeine cache in production.You can switch to using Caffeine cache, by adding it and org.springframework.cache.caffeine.CaffeineCacheManager to the classpath.
2023-04-07T11:05:31.429+05:30  INFO 18168 --- [restartedMain] o.s.b.a.e.web.EndpointLinksResolver      : Exposing 1 endpoint(s) beneath base path '/actuator'
2023-04-07T11:05:31.718+05:30  INFO 18168 --- [restartedMain] o.s.b.w.embedded.tomcat.TomcatWebServer  : Tomcat started on port(s): 9007 (http) with context path ''
2023-04-07T11:05:31.723+05:30  INFO 18168 --- [restartedMain] o.s.c.c.s.ConsulServiceRegistry          : Registering service with consul: NewService{id='g3-physician-availability-service-9007', name='g3-physician-availability-service', tags=[], address='LENOVO-2021', meta={secure=false}, port=9007, enableTagOverride=null, check=Check{script='null', dockerContainerID='null', shell='null', interval='10s', ttl='null', http='http://LENOVO-2021:9007/actuator/health', method='null', header={}, tcp='null', timeout='null', deregisterCriticalServiceAfter='null', tlsSkipVerify=null, status='null', grpc='null', grpcUseTLS=null}, checks=null}
2023-04-07T11:05:32.882+05:30  INFO 18168 --- [restartedMain] c.c.a.PhysicianAvailabilityApplication   : Started PhysicianAvailabilityApplication in 25.649 seconds (process running for 33.204)
2023-04-07T11:05:41.240+05:30  INFO 18168 --- [http-nio-9007-exec-3] o.a.c.c.C.[Tomcat].[localhost].[/]       : Initializing Spring DispatcherServlet 'dispatcherServlet'
2023-04-07T11:05:41.241+05:30  INFO 18168 --- [http-nio-9007-exec-3] o.s.web.servlet.DispatcherServlet        : Initializing Servlet 'dispatcherServlet'
2023-04-07T11:05:41.246+05:30  INFO 18168 --- [http-nio-9007-exec-3] o.s.web.servlet.DispatcherServlet        : Completed initialization in 4 ms
2023-04-07T21:56:53.538+05:30  INFO 16388 --- [restartedMain] c.c.a.PhysicianAvailabilityApplication   : Starting PhysicianAvailabilityApplication using Java 17.0.6 with PID 16388 (C:\Users\KUNAL\Desktop\final-integration\Final-integration\Microservices\g3-physician-availability-service\target\classes started by KUNAL in C:\Users\KUNAL\Desktop\final-integration\Final-integration\Microservices\g3-physician-availability-service)
2023-04-07T21:56:53.541+05:30  INFO 16388 --- [restartedMain] c.c.a.PhysicianAvailabilityApplication   : No active profile set, falling back to 1 default profile: "default"
2023-04-07T21:56:53.589+05:30  INFO 16388 --- [restartedMain] .e.DevToolsPropertyDefaultsPostProcessor : Devtools property defaults active! Set 'spring.devtools.add-properties' to 'false' to disable
2023-04-07T21:56:53.589+05:30  INFO 16388 --- [restartedMain] .e.DevToolsPropertyDefaultsPostProcessor : For additional web related logging consider setting the 'logging.level.web' property to 'DEBUG'
2023-04-07T21:56:54.477+05:30  INFO 16388 --- [restartedMain] .s.d.r.c.RepositoryConfigurationDelegate : Bootstrapping Spring Data JPA repositories in DEFAULT mode.
2023-04-07T21:56:54.698+05:30  INFO 16388 --- [restartedMain] .s.d.r.c.RepositoryConfigurationDelegate : Finished Spring Data repository scanning in 208 ms. Found 2 JPA repository interfaces.
2023-04-07T21:56:55.497+05:30  INFO 16388 --- [restartedMain] o.s.cloud.context.scope.GenericScope     : BeanFactory id=01d0d99e-9238-31a1-876a-1a65c734d748
2023-04-07T21:56:55.680+05:30  INFO 16388 --- [restartedMain] trationDelegate$BeanPostProcessorChecker : Bean 'org.springframework.ws.config.annotation.DelegatingWsConfiguration' of type [org.springframework.ws.config.annotation.DelegatingWsConfiguration$$SpringCGLIB$$0] is not eligible for getting processed by all BeanPostProcessors (for example: not eligible for auto-proxying)
2023-04-07T21:56:55.718+05:30  INFO 16388 --- [restartedMain] .w.s.a.s.AnnotationActionEndpointMapping : Supporting [WS-Addressing August 2004, WS-Addressing 1.0]
2023-04-07T21:56:56.264+05:30  INFO 16388 --- [restartedMain] o.s.b.w.embedded.tomcat.TomcatWebServer  : Tomcat initialized with port(s): 9007 (http)
2023-04-07T21:56:56.274+05:30  INFO 16388 --- [restartedMain] o.apache.catalina.core.StandardService   : Starting service [Tomcat]
2023-04-07T21:56:56.275+05:30  INFO 16388 --- [restartedMain] o.apache.catalina.core.StandardEngine    : Starting Servlet engine: [Apache Tomcat/10.1.5]
2023-04-07T21:56:56.349+05:30  INFO 16388 --- [restartedMain] o.a.c.c.C.[Tomcat].[localhost].[/]       : Initializing Spring embedded WebApplicationContext
2023-04-07T21:56:56.350+05:30  INFO 16388 --- [restartedMain] w.s.c.ServletWebServerApplicationContext : Root WebApplicationContext: initialization completed in 2760 ms
2023-04-07T21:56:56.622+05:30  INFO 16388 --- [restartedMain] o.hibernate.jpa.internal.util.LogHelper  : HHH000204: Processing PersistenceUnitInfo [name: default]
2023-04-07T21:56:56.686+05:30  INFO 16388 --- [restartedMain] org.hibernate.Version                    : HHH000412: Hibernate ORM core version 6.1.7.Final
2023-04-07T21:56:57.014+05:30  INFO 16388 --- [restartedMain] com.zaxxer.hikari.HikariDataSource       : HikariPool-1 - Starting...
2023-04-07T21:56:57.182+05:30  INFO 16388 --- [restartedMain] com.zaxxer.hikari.pool.HikariPool        : HikariPool-1 - Added connection com.mysql.cj.jdbc.ConnectionImpl@52dced4a
2023-04-07T21:56:57.184+05:30  INFO 16388 --- [restartedMain] com.zaxxer.hikari.HikariDataSource       : HikariPool-1 - Start completed.
2023-04-07T21:56:57.246+05:30  INFO 16388 --- [restartedMain] SQL dialect                              : HHH000400: Using dialect: org.hibernate.dialect.MySQLDialect
2023-04-07T21:56:58.099+05:30  INFO 16388 --- [restartedMain] o.h.e.t.j.p.i.JtaPlatformInitiator       : HHH000490: Using JtaPlatform implementation: [org.hibernate.engine.transaction.jta.platform.internal.NoJtaPlatform]
2023-04-07T21:56:58.110+05:30  INFO 16388 --- [restartedMain] j.LocalContainerEntityManagerFactoryBean : Initialized JPA EntityManagerFactory for persistence unit 'default'
2023-04-07T21:56:58.450+05:30  WARN 16388 --- [restartedMain] JpaBaseConfiguration$JpaWebConfiguration : spring.jpa.open-in-view is enabled by default. Therefore, database queries may be performed during view rendering. Explicitly configure spring.jpa.open-in-view to disable this warning
2023-04-07T21:56:59.114+05:30  WARN 16388 --- [restartedMain] o.s.b.d.a.OptionalLiveReloadServer       : Unable to start LiveReload server
2023-04-07T21:56:59.288+05:30  WARN 16388 --- [restartedMain] iguration$LoadBalancerCaffeineWarnLogger : Spring Cloud LoadBalancer is currently working with the default cache. While this cache implementation is useful for development and tests, it's recommended to use Caffeine cache in production.You can switch to using Caffeine cache, by adding it and org.springframework.cache.caffeine.CaffeineCacheManager to the classpath.
2023-04-07T21:56:59.292+05:30  INFO 16388 --- [restartedMain] o.s.b.a.e.web.EndpointLinksResolver      : Exposing 1 endpoint(s) beneath base path '/actuator'
2023-04-07T21:56:59.394+05:30  INFO 16388 --- [restartedMain] o.s.b.w.embedded.tomcat.TomcatWebServer  : Tomcat started on port(s): 9007 (http) with context path ''
2023-04-07T21:56:59.397+05:30  INFO 16388 --- [restartedMain] o.s.c.c.s.ConsulServiceRegistry          : Registering service with consul: NewService{id='g3-physician-availability-service-9007', name='g3-physician-availability-service', tags=[], address='LENOVO-2021', meta={secure=false}, port=9007, enableTagOverride=null, check=Check{script='null', dockerContainerID='null', shell='null', interval='10s', ttl='null', http='http://LENOVO-2021:9007/actuator/health', method='null', header={}, tcp='null', timeout='null', deregisterCriticalServiceAfter='null', tlsSkipVerify=null, status='null', grpc='null', grpcUseTLS=null}, checks=null}
2023-04-07T21:56:59.591+05:30  INFO 16388 --- [restartedMain] c.c.a.PhysicianAvailabilityApplication   : Started PhysicianAvailabilityApplication in 7.042 seconds (process running for 8.085)
2023-04-07T21:57:04.993+05:30  INFO 16388 --- [http-nio-9007-exec-1] o.a.c.c.C.[Tomcat].[localhost].[/]       : Initializing Spring DispatcherServlet 'dispatcherServlet'
2023-04-07T21:57:04.994+05:30  INFO 16388 --- [http-nio-9007-exec-1] o.s.web.servlet.DispatcherServlet        : Initializing Servlet 'dispatcherServlet'
2023-04-07T21:57:04.996+05:30  INFO 16388 --- [http-nio-9007-exec-1] o.s.web.servlet.DispatcherServlet        : Completed initialization in 2 ms
2023-04-07T22:00:55.310+05:30  INFO 16388 --- [http-nio-9007-exec-5] c.c.a.c.PhysicianAvailabilityControllers : Doctors added into doctor table successfully
2023-04-07T22:00:57.938+05:30  WARN 16388 --- [http-nio-9007-exec-5] u.s.o.a.h.c.p.ResponseProcessCookies     : Invalid cookie header: "Set-Cookie: did=s%3Av0%3A93a8a340-d561-11ed-9b4f-6d9c5c013992.7vMcmfalcyZ3L2m97tb%2Fm%2FpGQ%2FjwetRwsUto54BbY9g; Max-Age=31557600; Path=/; Expires=Sat, 06 Apr 2024 22:30:58 GMT; HttpOnly; Secure; SameSite=None". Invalid 'expires' attribute: Sat, 06 Apr 2024 22:30:58 GMT
2023-04-07T22:00:57.939+05:30  WARN 16388 --- [http-nio-9007-exec-5] u.s.o.a.h.c.p.ResponseProcessCookies     : Invalid cookie header: "Set-Cookie: did_compat=s%3Av0%3A93a8a340-d561-11ed-9b4f-6d9c5c013992.7vMcmfalcyZ3L2m97tb%2Fm%2FpGQ%2FjwetRwsUto54BbY9g; Max-Age=31557600; Path=/; Expires=Sat, 06 Apr 2024 22:30:58 GMT; HttpOnly; Secure". Invalid 'expires' attribute: Sat, 06 Apr 2024 22:30:58 GMT
2023-04-07T22:06:52.417+05:30  INFO 16388 --- [http-nio-9007-exec-10] c.c.a.c.PhysicianAvailabilityControllers : Doctors added into doctor table successfully
2023-04-07T22:06:54.261+05:30  WARN 16388 --- [http-nio-9007-exec-10] u.s.o.a.h.c.p.ResponseProcessCookies     : Invalid cookie header: "Set-Cookie: did=s%3Av0%3A67fa1f70-d562-11ed-83f0-a3d04fdcf4b6.cCrEUWn6SGAf2O6bQoZbyINE0vakZNkbAHdkTXBS0kc; Max-Age=31557600; Path=/; Expires=Sat, 06 Apr 2024 22:36:54 GMT; HttpOnly; Secure; SameSite=None". Invalid 'expires' attribute: Sat, 06 Apr 2024 22:36:54 GMT
2023-04-07T22:06:54.265+05:30  WARN 16388 --- [http-nio-9007-exec-10] u.s.o.a.h.c.p.ResponseProcessCookies     : Invalid cookie header: "Set-Cookie: did_compat=s%3Av0%3A67fa1f70-d562-11ed-83f0-a3d04fdcf4b6.cCrEUWn6SGAf2O6bQoZbyINE0vakZNkbAHdkTXBS0kc; Max-Age=31557600; Path=/; Expires=Sat, 06 Apr 2024 22:36:54 GMT; HttpOnly; Secure". Invalid 'expires' attribute: Sat, 06 Apr 2024 22:36:54 GMT
2023-04-07T22:07:24.649+05:30  INFO 16388 --- [http-nio-9007-exec-8] c.c.a.c.PhysicianAvailabilityControllers : Doctors added into doctor table successfully
2023-04-07T22:07:25.545+05:30  WARN 16388 --- [http-nio-9007-exec-8] u.s.o.a.h.c.p.ResponseProcessCookies     : Invalid cookie header: "Set-Cookie: did=s%3Av0%3A7ac7a910-d562-11ed-aae0-813b9b90be4a.GoHFMk8RS0e7anq23WAnfwT5XVVg9%2FwqTugTGiM%2BRik; Max-Age=31557600; Path=/; Expires=Sat, 06 Apr 2024 22:37:26 GMT; HttpOnly; Secure; SameSite=None". Invalid 'expires' attribute: Sat, 06 Apr 2024 22:37:26 GMT
2023-04-07T22:07:25.546+05:30  WARN 16388 --- [http-nio-9007-exec-8] u.s.o.a.h.c.p.ResponseProcessCookies     : Invalid cookie header: "Set-Cookie: did_compat=s%3Av0%3A7ac7a910-d562-11ed-aae0-813b9b90be4a.GoHFMk8RS0e7anq23WAnfwT5XVVg9%2FwqTugTGiM%2BRik; Max-Age=31557600; Path=/; Expires=Sat, 06 Apr 2024 22:37:26 GMT; HttpOnly; Secure". Invalid 'expires' attribute: Sat, 06 Apr 2024 22:37:26 GMT
2023-04-07T22:13:12.204+05:30  INFO 16388 --- [http-nio-9007-exec-8] c.c.a.c.PhysicianAvailabilityControllers : Doctors added into doctor table successfully
2023-04-07T22:13:13.691+05:30  WARN 16388 --- [http-nio-9007-exec-8] u.s.o.a.h.c.p.ResponseProcessCookies     : Invalid cookie header: "Set-Cookie: did=s%3Av0%3A4a44b9d0-d563-11ed-a233-51755c05a96b.f2YR4FUtBteDJncAKhu%2FJDYq3V4HCaKKzWe%2FZjt%2F9GY; Max-Age=31557600; Path=/; Expires=Sat, 06 Apr 2024 22:43:14 GMT; HttpOnly; Secure; SameSite=None". Invalid 'expires' attribute: Sat, 06 Apr 2024 22:43:14 GMT
2023-04-07T22:13:13.692+05:30  WARN 16388 --- [http-nio-9007-exec-8] u.s.o.a.h.c.p.ResponseProcessCookies     : Invalid cookie header: "Set-Cookie: did_compat=s%3Av0%3A4a44b9d0-d563-11ed-a233-51755c05a96b.f2YR4FUtBteDJncAKhu%2FJDYq3V4HCaKKzWe%2FZjt%2F9GY; Max-Age=31557600; Path=/; Expires=Sat, 06 Apr 2024 22:43:14 GMT; HttpOnly; Secure". Invalid 'expires' attribute: Sat, 06 Apr 2024 22:43:14 GMT
2023-04-07T22:37:48.690+05:30  INFO 16388 --- [http-nio-9007-exec-10] c.c.a.c.PhysicianAvailabilityControllers : Doctors added into doctor table successfully
2023-04-07T22:37:54.561+05:30  WARN 16388 --- [http-nio-9007-exec-10] u.s.o.a.h.c.p.ResponseProcessCookies     : Invalid cookie header: "Set-Cookie: did=s%3Av0%3Abcb6f200-d566-11ed-9b4f-6d9c5c013992.K%2BGQFJHxRjqLb%2BzFDxD2LvL0zWzQ%2F5SyygEKfn1XnF8; Max-Age=31557600; Path=/; Expires=Sat, 06 Apr 2024 23:07:54 GMT; HttpOnly; Secure; SameSite=None". Invalid 'expires' attribute: Sat, 06 Apr 2024 23:07:54 GMT
2023-04-07T22:37:54.562+05:30  WARN 16388 --- [http-nio-9007-exec-10] u.s.o.a.h.c.p.ResponseProcessCookies     : Invalid cookie header: "Set-Cookie: did_compat=s%3Av0%3Abcb6f200-d566-11ed-9b4f-6d9c5c013992.K%2BGQFJHxRjqLb%2BzFDxD2LvL0zWzQ%2F5SyygEKfn1XnF8; Max-Age=31557600; Path=/; Expires=Sat, 06 Apr 2024 23:07:54 GMT; HttpOnly; Secure". Invalid 'expires' attribute: Sat, 06 Apr 2024 23:07:54 GMT
2023-04-07T22:38:15.125+05:30  INFO 16388 --- [http-nio-9007-exec-5] c.c.a.c.PhysicianAvailabilityControllers : Doctors added into doctor table successfully
2023-04-07T22:38:17.691+05:30  WARN 16388 --- [http-nio-9007-exec-5] u.s.o.a.h.c.p.ResponseProcessCookies     : Invalid cookie header: "Set-Cookie: did=s%3Av0%3Ac9863630-d566-11ed-977e-89620ccc526d.jlV%2BT15bmlNMXAZ49JrZSuqUJe4W7j46sKcGRhjKcJE; Max-Age=31557600; Path=/; Expires=Sat, 06 Apr 2024 23:08:16 GMT; HttpOnly; Secure; SameSite=None". Invalid 'expires' attribute: Sat, 06 Apr 2024 23:08:16 GMT
2023-04-07T22:38:17.692+05:30  WARN 16388 --- [http-nio-9007-exec-5] u.s.o.a.h.c.p.ResponseProcessCookies     : Invalid cookie header: "Set-Cookie: did_compat=s%3Av0%3Ac9863630-d566-11ed-977e-89620ccc526d.jlV%2BT15bmlNMXAZ49JrZSuqUJe4W7j46sKcGRhjKcJE; Max-Age=31557600; Path=/; Expires=Sat, 06 Apr 2024 23:08:16 GMT; HttpOnly; Secure". Invalid 'expires' attribute: Sat, 06 Apr 2024 23:08:16 GMT
2023-04-07T22:55:37.149+05:30  INFO 16388 --- [RMI TCP Connection(69)-127.0.0.1] inMXBeanRegistrar$SpringApplicationAdmin : Application shutdown requested.
2023-04-07T22:55:37.412+05:30  INFO 16388 --- [RMI TCP Connection(69)-127.0.0.1] o.apache.catalina.core.StandardService   : Stopping service [Tomcat]
2023-04-07T22:55:37.466+05:30  INFO 16388 --- [RMI TCP Connection(69)-127.0.0.1] o.a.c.c.C.[Tomcat].[localhost].[/]       : Destroying Spring FrameworkServlet 'dispatcherServlet'
2023-04-07T22:55:37.558+05:30  WARN 16388 --- [RMI TCP Connection(69)-127.0.0.1] o.a.c.loader.WebappClassLoaderBase       : The web application [ROOT] appears to have started a thread named [Connection evictor] but has failed to stop it. This is very likely to create a memory leak. Stack trace of thread:
 java.base@17.0.6/java.lang.Thread.sleep(Native Method)
 app//unirest.shaded.org.apache.http.impl.client.IdleConnectionEvictor$1.run(IdleConnectionEvictor.java:66)
 java.base@17.0.6/java.lang.Thread.run(Thread.java:833)
2023-04-07T22:55:37.625+05:30  INFO 16388 --- [RMI TCP Connection(69)-127.0.0.1] o.s.c.c.s.ConsulServiceRegistry          : Deregistering service with consul: g3-physician-availability-service-9007
2023-04-07T22:55:37.724+05:30  INFO 16388 --- [RMI TCP Connection(69)-127.0.0.1] j.LocalContainerEntityManagerFactoryBean : Closing JPA EntityManagerFactory for persistence unit 'default'
2023-04-07T22:55:37.880+05:30  INFO 16388 --- [RMI TCP Connection(69)-127.0.0.1] com.zaxxer.hikari.HikariDataSource       : HikariPool-1 - Shutdown initiated...
2023-04-07T22:55:37.933+05:30  INFO 16388 --- [RMI TCP Connection(69)-127.0.0.1] com.zaxxer.hikari.HikariDataSource       : HikariPool-1 - Shutdown completed.
