2023-04-07T11:04:44.780+05:30  INFO 11128 --- [restartedMain] c.c.application.Auth0ServiceApplication  : Starting Auth0ServiceApplication using Java 17.0.6 with PID 11128 (C:\Users\KUNAL\Desktop\final-integration\Final-integration\Microservices\g3-auth0-service\g3-auth0-service\target\classes started by KUNAL in C:\Users\KUNAL\Desktop\final-integration\Final-integration\Microservices\g3-auth0-service\g3-auth0-service)
2023-04-07T11:04:44.799+05:30  INFO 11128 --- [restartedMain] c.c.application.Auth0ServiceApplication  : No active profile set, falling back to 1 default profile: "default"
2023-04-07T11:04:45.054+05:30  INFO 11128 --- [restartedMain] .e.DevToolsPropertyDefaultsPostProcessor : Devtools property defaults active! Set 'spring.devtools.add-properties' to 'false' to disable
2023-04-07T11:04:45.055+05:30  INFO 11128 --- [restartedMain] .e.DevToolsPropertyDefaultsPostProcessor : For additional web related logging consider setting the 'logging.level.web' property to 'DEBUG'
2023-04-07T11:04:51.555+05:30  INFO 11128 --- [restartedMain] o.s.cloud.context.scope.GenericScope     : BeanFactory id=64bc809b-746a-359b-bc4e-541bfd4950a7
2023-04-07T11:04:52.027+05:30  INFO 11128 --- [restartedMain] trationDelegate$BeanPostProcessorChecker : Bean 'org.springframework.ws.config.annotation.DelegatingWsConfiguration' of type [org.springframework.ws.config.annotation.DelegatingWsConfiguration$$SpringCGLIB$$0] is not eligible for getting processed by all BeanPostProcessors (for example: not eligible for auto-proxying)
2023-04-07T11:04:52.134+05:30  INFO 11128 --- [restartedMain] .w.s.a.s.AnnotationActionEndpointMapping : Supporting [WS-Addressing August 2004, WS-Addressing 1.0]
2023-04-07T11:04:54.527+05:30  INFO 11128 --- [restartedMain] o.s.b.w.embedded.tomcat.TomcatWebServer  : Tomcat initialized with port(s): 9010 (http)
2023-04-07T11:04:54.562+05:30  INFO 11128 --- [restartedMain] o.apache.catalina.core.StandardService   : Starting service [Tomcat]
2023-04-07T11:04:54.563+05:30  INFO 11128 --- [restartedMain] o.apache.catalina.core.StandardEngine    : Starting Servlet engine: [Apache Tomcat/10.1.7]
2023-04-07T11:04:55.009+05:30  INFO 11128 --- [restartedMain] o.a.c.c.C.[Tomcat].[localhost].[/]       : Initializing Spring embedded WebApplicationContext
2023-04-07T11:04:55.010+05:30  INFO 11128 --- [restartedMain] w.s.c.ServletWebServerApplicationContext : Root WebApplicationContext: initialization completed in 9954 ms
2023-04-07T11:05:11.167+05:30  WARN 11128 --- [restartedMain] o.s.b.d.a.OptionalLiveReloadServer       : Unable to start LiveReload server
2023-04-07T11:05:13.415+05:30  WARN 11128 --- [restartedMain] iguration$LoadBalancerCaffeineWarnLogger : Spring Cloud LoadBalancer is currently working with the default cache. While this cache implementation is useful for development and tests, it's recommended to use Caffeine cache in production.You can switch to using Caffeine cache, by adding it and org.springframework.cache.caffeine.CaffeineCacheManager to the classpath.
2023-04-07T11:05:13.435+05:30  INFO 11128 --- [restartedMain] o.s.b.a.e.web.EndpointLinksResolver      : Exposing 1 endpoint(s) beneath base path '/actuator'
2023-04-07T11:05:13.971+05:30  INFO 11128 --- [restartedMain] o.s.b.w.embedded.tomcat.TomcatWebServer  : Tomcat started on port(s): 9010 (http) with context path ''
2023-04-07T11:05:13.976+05:30  INFO 11128 --- [restartedMain] o.s.c.c.s.ConsulServiceRegistry          : Registering service with consul: NewService{id='g3-auth0-service-9010', name='g3-auth0-service', tags=[], address='LENOVO-2021', meta={secure=false}, port=9010, enableTagOverride=null, check=Check{script='null', dockerContainerID='null', shell='null', interval='10s', ttl='null', http='http://LENOVO-2021:9010/actuator/health', method='null', header={}, tcp='null', timeout='null', deregisterCriticalServiceAfter='null', tlsSkipVerify=null, status='null', grpc='null', grpcUseTLS=null}, checks=null}
2023-04-07T11:05:17.310+05:30  INFO 11128 --- [restartedMain] c.c.application.Auth0ServiceApplication  : Started Auth0ServiceApplication in 37.175 seconds (process running for 40.731)
2023-04-07T11:05:24.124+05:30  INFO 11128 --- [http-nio-9010-exec-1] o.a.c.c.C.[Tomcat].[localhost].[/]       : Initializing Spring DispatcherServlet 'dispatcherServlet'
2023-04-07T11:05:24.124+05:30  INFO 11128 --- [http-nio-9010-exec-1] o.s.web.servlet.DispatcherServlet        : Initializing Servlet 'dispatcherServlet'
2023-04-07T11:05:24.132+05:30  INFO 11128 --- [http-nio-9010-exec-1] o.s.web.servlet.DispatcherServlet        : Completed initialization in 8 ms
2023-04-07T21:55:21.675+05:30  INFO 5976 --- [restartedMain] c.c.application.Auth0ServiceApplication  : Starting Auth0ServiceApplication using Java 17.0.6 with PID 5976 (C:\Users\KUNAL\Desktop\final-integration\Final-integration\Microservices\g3-auth0-service\g3-auth0-service\target\classes started by KUNAL in C:\Users\KUNAL\Desktop\final-integration\Final-integration\Microservices\g3-auth0-service\g3-auth0-service)
2023-04-07T21:55:21.679+05:30  INFO 5976 --- [restartedMain] c.c.application.Auth0ServiceApplication  : No active profile set, falling back to 1 default profile: "default"
2023-04-07T21:55:21.744+05:30  INFO 5976 --- [restartedMain] .e.DevToolsPropertyDefaultsPostProcessor : Devtools property defaults active! Set 'spring.devtools.add-properties' to 'false' to disable
2023-04-07T21:55:21.745+05:30  INFO 5976 --- [restartedMain] .e.DevToolsPropertyDefaultsPostProcessor : For additional web related logging consider setting the 'logging.level.web' property to 'DEBUG'
2023-04-07T21:55:23.236+05:30  INFO 5976 --- [restartedMain] o.s.cloud.context.scope.GenericScope     : BeanFactory id=64bc809b-746a-359b-bc4e-541bfd4950a7
2023-04-07T21:55:23.289+05:30  INFO 5976 --- [restartedMain] trationDelegate$BeanPostProcessorChecker : Bean 'org.springframework.ws.config.annotation.DelegatingWsConfiguration' of type [org.springframework.ws.config.annotation.DelegatingWsConfiguration$$SpringCGLIB$$0] is not eligible for getting processed by all BeanPostProcessors (for example: not eligible for auto-proxying)
2023-04-07T21:55:23.340+05:30  INFO 5976 --- [restartedMain] .w.s.a.s.AnnotationActionEndpointMapping : Supporting [WS-Addressing August 2004, WS-Addressing 1.0]
2023-04-07T21:55:23.763+05:30  INFO 5976 --- [restartedMain] o.s.b.w.embedded.tomcat.TomcatWebServer  : Tomcat initialized with port(s): 9010 (http)
2023-04-07T21:55:23.774+05:30  INFO 5976 --- [restartedMain] o.apache.catalina.core.StandardService   : Starting service [Tomcat]
2023-04-07T21:55:23.774+05:30  INFO 5976 --- [restartedMain] o.apache.catalina.core.StandardEngine    : Starting Servlet engine: [Apache Tomcat/10.1.7]
2023-04-07T21:55:23.846+05:30  INFO 5976 --- [restartedMain] o.a.c.c.C.[Tomcat].[localhost].[/]       : Initializing Spring embedded WebApplicationContext
2023-04-07T21:55:23.846+05:30  INFO 5976 --- [restartedMain] w.s.c.ServletWebServerApplicationContext : Root WebApplicationContext: initialization completed in 2101 ms
2023-04-07T21:55:25.517+05:30  WARN 5976 --- [restartedMain] o.s.b.d.a.OptionalLiveReloadServer       : Unable to start LiveReload server
2023-04-07T21:55:25.677+05:30  WARN 5976 --- [restartedMain] iguration$LoadBalancerCaffeineWarnLogger : Spring Cloud LoadBalancer is currently working with the default cache. While this cache implementation is useful for development and tests, it's recommended to use Caffeine cache in production.You can switch to using Caffeine cache, by adding it and org.springframework.cache.caffeine.CaffeineCacheManager to the classpath.
2023-04-07T21:55:25.681+05:30  INFO 5976 --- [restartedMain] o.s.b.a.e.web.EndpointLinksResolver      : Exposing 1 endpoint(s) beneath base path '/actuator'
2023-04-07T21:55:25.836+05:30  INFO 5976 --- [restartedMain] o.s.b.w.embedded.tomcat.TomcatWebServer  : Tomcat started on port(s): 9010 (http) with context path ''
2023-04-07T21:55:25.845+05:30  INFO 5976 --- [restartedMain] o.s.c.c.s.ConsulServiceRegistry          : Registering service with consul: NewService{id='g3-auth0-service-9010', name='g3-auth0-service', tags=[], address='LENOVO-2021', meta={secure=false}, port=9010, enableTagOverride=null, check=Check{script='null', dockerContainerID='null', shell='null', interval='10s', ttl='null', http='http://LENOVO-2021:9010/actuator/health', method='null', header={}, tcp='null', timeout='null', deregisterCriticalServiceAfter='null', tlsSkipVerify=null, status='null', grpc='null', grpcUseTLS=null}, checks=null}
2023-04-07T21:55:26.158+05:30  INFO 5976 --- [restartedMain] c.c.application.Auth0ServiceApplication  : Started Auth0ServiceApplication in 5.398 seconds (process running for 6.215)
2023-04-07T21:55:27.622+05:30  INFO 5976 --- [http-nio-9010-exec-2] o.a.c.c.C.[Tomcat].[localhost].[/]       : Initializing Spring DispatcherServlet 'dispatcherServlet'
2023-04-07T21:55:27.622+05:30  INFO 5976 --- [http-nio-9010-exec-2] o.s.web.servlet.DispatcherServlet        : Initializing Servlet 'dispatcherServlet'
2023-04-07T21:55:27.623+05:30  INFO 5976 --- [http-nio-9010-exec-2] o.s.web.servlet.DispatcherServlet        : Completed initialization in 1 ms
2023-04-07T22:56:48.874+05:30  INFO 5976 --- [RMI TCP Connection(72)-127.0.0.1] inMXBeanRegistrar$SpringApplicationAdmin : Application shutdown requested.
2023-04-07T22:56:48.874+05:30  INFO 5976 --- [RMI TCP Connection(73)-127.0.0.1] inMXBeanRegistrar$SpringApplicationAdmin : Application shutdown requested.
2023-04-07T22:56:49.428+05:30  INFO 5976 --- [RMI TCP Connection(72)-127.0.0.1] o.apache.catalina.core.StandardService   : Stopping service [Tomcat]
2023-04-07T22:56:49.490+05:30  INFO 5976 --- [RMI TCP Connection(72)-127.0.0.1] o.a.c.c.C.[Tomcat].[localhost].[/]       : Destroying Spring FrameworkServlet 'dispatcherServlet'
2023-04-07T22:56:49.745+05:30  INFO 5976 --- [RMI TCP Connection(72)-127.0.0.1] o.s.c.c.s.ConsulServiceRegistry          : Deregistering service with consul: g3-auth0-service-9010
