2023-04-07T11:04:58.308+05:30  INFO 17828 --- [restartedMain] .a.PatientHealthRecordServiceApplication : Starting PatientHealthRecordServiceApplication using Java 17.0.6 with PID 17828 (C:\Users\KUNAL\Desktop\final-integration\Final-integration\Microservices\g3-patient-health-record-service\target\classes started by KUNAL in C:\Users\KUNAL\Desktop\final-integration\Final-integration\Microservices\g3-patient-health-record-service)
2023-04-07T11:04:58.353+05:30  INFO 17828 --- [restartedMain] .a.PatientHealthRecordServiceApplication : No active profile set, falling back to 1 default profile: "default"
2023-04-07T11:04:58.596+05:30  INFO 17828 --- [restartedMain] .e.DevToolsPropertyDefaultsPostProcessor : Devtools property defaults active! Set 'spring.devtools.add-properties' to 'false' to disable
2023-04-07T11:04:58.600+05:30  INFO 17828 --- [restartedMain] .e.DevToolsPropertyDefaultsPostProcessor : For additional web related logging consider setting the 'logging.level.web' property to 'DEBUG'
2023-04-07T11:05:10.362+05:30  INFO 17828 --- [restartedMain] .s.d.r.c.RepositoryConfigurationDelegate : Bootstrapping Spring Data JPA repositories in DEFAULT mode.
2023-04-07T11:05:11.292+05:30  INFO 17828 --- [restartedMain] .s.d.r.c.RepositoryConfigurationDelegate : Finished Spring Data repository scanning in 902 ms. Found 6 JPA repository interfaces.
2023-04-07T11:05:12.888+05:30  INFO 17828 --- [restartedMain] o.s.cloud.context.scope.GenericScope     : BeanFactory id=b6082c96-2476-32e5-884b-1089b210f1da
2023-04-07T11:05:13.593+05:30  INFO 17828 --- [restartedMain] trationDelegate$BeanPostProcessorChecker : Bean 'org.springframework.ws.config.annotation.DelegatingWsConfiguration' of type [org.springframework.ws.config.annotation.DelegatingWsConfiguration$$SpringCGLIB$$0] is not eligible for getting processed by all BeanPostProcessors (for example: not eligible for auto-proxying)
2023-04-07T11:05:13.734+05:30  INFO 17828 --- [restartedMain] .w.s.a.s.AnnotationActionEndpointMapping : Supporting [WS-Addressing August 2004, WS-Addressing 1.0]
2023-04-07T11:05:16.286+05:30  INFO 17828 --- [restartedMain] o.s.b.w.embedded.tomcat.TomcatWebServer  : Tomcat initialized with port(s): 9005 (http)
2023-04-07T11:05:16.412+05:30  INFO 17828 --- [restartedMain] o.apache.catalina.core.StandardService   : Starting service [Tomcat]
2023-04-07T11:05:16.416+05:30  INFO 17828 --- [restartedMain] o.apache.catalina.core.StandardEngine    : Starting Servlet engine: [Apache Tomcat/10.1.5]
2023-04-07T11:05:16.905+05:30  INFO 17828 --- [restartedMain] o.a.c.c.C.[Tomcat].[localhost].[/]       : Initializing Spring embedded WebApplicationContext
2023-04-07T11:05:16.910+05:30  INFO 17828 --- [restartedMain] w.s.c.ServletWebServerApplicationContext : Root WebApplicationContext: initialization completed in 18307 ms
2023-04-07T11:05:18.163+05:30  INFO 17828 --- [restartedMain] o.hibernate.jpa.internal.util.LogHelper  : HHH000204: Processing PersistenceUnitInfo [name: default]
2023-04-07T11:05:18.321+05:30  INFO 17828 --- [restartedMain] org.hibernate.Version                    : HHH000412: Hibernate ORM core version 6.1.7.Final
2023-04-07T11:05:19.683+05:30  INFO 17828 --- [restartedMain] com.zaxxer.hikari.HikariDataSource       : HikariPool-1 - Starting...
2023-04-07T11:05:20.389+05:30  INFO 17828 --- [restartedMain] com.zaxxer.hikari.pool.HikariPool        : HikariPool-1 - Added connection com.mysql.cj.jdbc.ConnectionImpl@90bd086
2023-04-07T11:05:20.392+05:30  INFO 17828 --- [restartedMain] com.zaxxer.hikari.HikariDataSource       : HikariPool-1 - Start completed.
2023-04-07T11:05:20.743+05:30  INFO 17828 --- [restartedMain] SQL dialect                              : HHH000400: Using dialect: org.hibernate.dialect.MySQLDialect
2023-04-07T11:05:23.976+05:30  INFO 17828 --- [restartedMain] o.h.e.t.j.p.i.JtaPlatformInitiator       : HHH000490: Using JtaPlatform implementation: [org.hibernate.engine.transaction.jta.platform.internal.NoJtaPlatform]
2023-04-07T11:05:24.002+05:30  INFO 17828 --- [restartedMain] j.LocalContainerEntityManagerFactoryBean : Initialized JPA EntityManagerFactory for persistence unit 'default'
2023-04-07T11:05:26.044+05:30  WARN 17828 --- [restartedMain] JpaBaseConfiguration$JpaWebConfiguration : spring.jpa.open-in-view is enabled by default. Therefore, database queries may be performed during view rendering. Explicitly configure spring.jpa.open-in-view to disable this warning
2023-04-07T11:05:31.120+05:30  WARN 17828 --- [restartedMain] o.s.b.d.a.OptionalLiveReloadServer       : Unable to start LiveReload server
2023-04-07T11:05:31.642+05:30  WARN 17828 --- [restartedMain] iguration$LoadBalancerCaffeineWarnLogger : Spring Cloud LoadBalancer is currently working with the default cache. While this cache implementation is useful for development and tests, it's recommended to use Caffeine cache in production.You can switch to using Caffeine cache, by adding it and org.springframework.cache.caffeine.CaffeineCacheManager to the classpath.
2023-04-07T11:05:31.661+05:30  INFO 17828 --- [restartedMain] o.s.b.a.e.web.EndpointLinksResolver      : Exposing 1 endpoint(s) beneath base path '/actuator'
2023-04-07T11:05:32.350+05:30  INFO 17828 --- [restartedMain] o.s.b.w.embedded.tomcat.TomcatWebServer  : Tomcat started on port(s): 9005 (http) with context path ''
2023-04-07T11:05:32.365+05:30  INFO 17828 --- [restartedMain] o.s.c.c.s.ConsulServiceRegistry          : Registering service with consul: NewService{id='g3-patient-health-records-service-9005', name='g3-patient-health-records-service', tags=[], address='LENOVO-2021', meta={secure=false}, port=9005, enableTagOverride=null, check=Check{script='null', dockerContainerID='null', shell='null', interval='10s', ttl='null', http='http://LENOVO-2021:9005/actuator/health', method='null', header={}, tcp='null', timeout='null', deregisterCriticalServiceAfter='null', tlsSkipVerify=null, status='null', grpc='null', grpcUseTLS=null}, checks=null}
2023-04-07T11:05:33.233+05:30  INFO 17828 --- [restartedMain] .a.PatientHealthRecordServiceApplication : Started PatientHealthRecordServiceApplication in 41.145 seconds (process running for 44.715)
2023-04-07T11:05:38.072+05:30  INFO 17828 --- [http-nio-9005-exec-1] o.a.c.c.C.[Tomcat].[localhost].[/]       : Initializing Spring DispatcherServlet 'dispatcherServlet'
2023-04-07T11:05:38.073+05:30  INFO 17828 --- [http-nio-9005-exec-1] o.s.web.servlet.DispatcherServlet        : Initializing Servlet 'dispatcherServlet'
2023-04-07T11:05:38.078+05:30  INFO 17828 --- [http-nio-9005-exec-1] o.s.web.servlet.DispatcherServlet        : Completed initialization in 3 ms
2023-04-07T21:56:11.781+05:30  INFO 15532 --- [restartedMain] .a.PatientHealthRecordServiceApplication : Starting PatientHealthRecordServiceApplication using Java 17.0.6 with PID 15532 (C:\Users\KUNAL\Desktop\final-integration\Final-integration\Microservices\g3-patient-health-record-service\target\classes started by KUNAL in C:\Users\KUNAL\Desktop\final-integration\Final-integration\Microservices\g3-patient-health-record-service)
2023-04-07T21:56:11.785+05:30  INFO 15532 --- [restartedMain] .a.PatientHealthRecordServiceApplication : No active profile set, falling back to 1 default profile: "default"
2023-04-07T21:56:11.854+05:30  INFO 15532 --- [restartedMain] .e.DevToolsPropertyDefaultsPostProcessor : Devtools property defaults active! Set 'spring.devtools.add-properties' to 'false' to disable
2023-04-07T21:56:11.855+05:30  INFO 15532 --- [restartedMain] .e.DevToolsPropertyDefaultsPostProcessor : For additional web related logging consider setting the 'logging.level.web' property to 'DEBUG'
2023-04-07T21:56:13.712+05:30  INFO 15532 --- [restartedMain] .s.d.r.c.RepositoryConfigurationDelegate : Bootstrapping Spring Data JPA repositories in DEFAULT mode.
2023-04-07T21:56:13.885+05:30  INFO 15532 --- [restartedMain] .s.d.r.c.RepositoryConfigurationDelegate : Finished Spring Data repository scanning in 166 ms. Found 6 JPA repository interfaces.
2023-04-07T21:56:14.207+05:30  INFO 15532 --- [restartedMain] o.s.cloud.context.scope.GenericScope     : BeanFactory id=b6082c96-2476-32e5-884b-1089b210f1da
2023-04-07T21:56:14.348+05:30  INFO 15532 --- [restartedMain] trationDelegate$BeanPostProcessorChecker : Bean 'org.springframework.ws.config.annotation.DelegatingWsConfiguration' of type [org.springframework.ws.config.annotation.DelegatingWsConfiguration$$SpringCGLIB$$0] is not eligible for getting processed by all BeanPostProcessors (for example: not eligible for auto-proxying)
2023-04-07T21:56:14.405+05:30  INFO 15532 --- [restartedMain] .w.s.a.s.AnnotationActionEndpointMapping : Supporting [WS-Addressing August 2004, WS-Addressing 1.0]
2023-04-07T21:56:14.943+05:30  INFO 15532 --- [restartedMain] o.s.b.w.embedded.tomcat.TomcatWebServer  : Tomcat initialized with port(s): 9005 (http)
2023-04-07T21:56:14.953+05:30  INFO 15532 --- [restartedMain] o.apache.catalina.core.StandardService   : Starting service [Tomcat]
2023-04-07T21:56:14.953+05:30  INFO 15532 --- [restartedMain] o.apache.catalina.core.StandardEngine    : Starting Servlet engine: [Apache Tomcat/10.1.5]
2023-04-07T21:56:15.030+05:30  INFO 15532 --- [restartedMain] o.a.c.c.C.[Tomcat].[localhost].[/]       : Initializing Spring embedded WebApplicationContext
2023-04-07T21:56:15.031+05:30  INFO 15532 --- [restartedMain] w.s.c.ServletWebServerApplicationContext : Root WebApplicationContext: initialization completed in 3175 ms
2023-04-07T21:56:15.383+05:30  INFO 15532 --- [restartedMain] o.hibernate.jpa.internal.util.LogHelper  : HHH000204: Processing PersistenceUnitInfo [name: default]
2023-04-07T21:56:15.448+05:30  INFO 15532 --- [restartedMain] org.hibernate.Version                    : HHH000412: Hibernate ORM core version 6.1.7.Final
2023-04-07T21:56:15.783+05:30  INFO 15532 --- [restartedMain] com.zaxxer.hikari.HikariDataSource       : HikariPool-1 - Starting...
2023-04-07T21:56:15.941+05:30  INFO 15532 --- [restartedMain] com.zaxxer.hikari.pool.HikariPool        : HikariPool-1 - Added connection com.mysql.cj.jdbc.ConnectionImpl@23b50840
2023-04-07T21:56:15.944+05:30  INFO 15532 --- [restartedMain] com.zaxxer.hikari.HikariDataSource       : HikariPool-1 - Start completed.
2023-04-07T21:56:16.008+05:30  INFO 15532 --- [restartedMain] SQL dialect                              : HHH000400: Using dialect: org.hibernate.dialect.MySQLDialect
2023-04-07T21:56:16.855+05:30  INFO 15532 --- [restartedMain] o.h.e.t.j.p.i.JtaPlatformInitiator       : HHH000490: Using JtaPlatform implementation: [org.hibernate.engine.transaction.jta.platform.internal.NoJtaPlatform]
2023-04-07T21:56:16.866+05:30  INFO 15532 --- [restartedMain] j.LocalContainerEntityManagerFactoryBean : Initialized JPA EntityManagerFactory for persistence unit 'default'
2023-04-07T21:56:17.459+05:30  WARN 15532 --- [restartedMain] JpaBaseConfiguration$JpaWebConfiguration : spring.jpa.open-in-view is enabled by default. Therefore, database queries may be performed during view rendering. Explicitly configure spring.jpa.open-in-view to disable this warning
2023-04-07T21:56:19.406+05:30  WARN 15532 --- [restartedMain] o.s.b.d.a.OptionalLiveReloadServer       : Unable to start LiveReload server
2023-04-07T21:56:19.698+05:30  WARN 15532 --- [restartedMain] iguration$LoadBalancerCaffeineWarnLogger : Spring Cloud LoadBalancer is currently working with the default cache. While this cache implementation is useful for development and tests, it's recommended to use Caffeine cache in production.You can switch to using Caffeine cache, by adding it and org.springframework.cache.caffeine.CaffeineCacheManager to the classpath.
2023-04-07T21:56:19.706+05:30  INFO 15532 --- [restartedMain] o.s.b.a.e.web.EndpointLinksResolver      : Exposing 1 endpoint(s) beneath base path '/actuator'
2023-04-07T21:56:19.890+05:30  INFO 15532 --- [restartedMain] o.s.b.w.embedded.tomcat.TomcatWebServer  : Tomcat started on port(s): 9005 (http) with context path ''
2023-04-07T21:56:19.894+05:30  INFO 15532 --- [restartedMain] o.s.c.c.s.ConsulServiceRegistry          : Registering service with consul: NewService{id='g3-patient-health-records-service-9005', name='g3-patient-health-records-service', tags=[], address='LENOVO-2021', meta={secure=false}, port=9005, enableTagOverride=null, check=Check{script='null', dockerContainerID='null', shell='null', interval='10s', ttl='null', http='http://LENOVO-2021:9005/actuator/health', method='null', header={}, tcp='null', timeout='null', deregisterCriticalServiceAfter='null', tlsSkipVerify=null, status='null', grpc='null', grpcUseTLS=null}, checks=null}
2023-04-07T21:56:20.055+05:30  INFO 15532 --- [restartedMain] .a.PatientHealthRecordServiceApplication : Started PatientHealthRecordServiceApplication in 9.363 seconds (process running for 10.358)
2023-04-07T21:56:27.816+05:30  INFO 15532 --- [http-nio-9005-exec-2] o.a.c.c.C.[Tomcat].[localhost].[/]       : Initializing Spring DispatcherServlet 'dispatcherServlet'
2023-04-07T21:56:27.817+05:30  INFO 15532 --- [http-nio-9005-exec-2] o.s.web.servlet.DispatcherServlet        : Initializing Servlet 'dispatcherServlet'
2023-04-07T21:56:27.821+05:30  INFO 15532 --- [http-nio-9005-exec-2] o.s.web.servlet.DispatcherServlet        : Completed initialization in 4 ms
2023-04-07T22:02:18.342+05:30  WARN 15532 --- [http-nio-9005-exec-8] .m.m.a.ExceptionHandlerExceptionResolver : Resolved [org.springframework.web.method.annotation.MethodArgumentTypeMismatchException: Failed to convert value of type 'java.lang.String' to required type 'int'; For input string: "null"]
2023-04-07T22:02:23.663+05:30  INFO 15532 --- [http-nio-9005-exec-10] c.c.a.c.PatientHealthRecordController    : Visit details fetched by patientId successfully
2023-04-07T22:02:30.642+05:30  INFO 15532 --- [http-nio-9005-exec-8] c.c.a.c.PatientHealthRecordController    : Visit details fetched by patientId successfully
2023-04-07T22:03:34.899+05:30  INFO 15532 --- [http-nio-9005-exec-2] c.c.a.c.PatientHealthRecordController    : Visit details fetched by patientId successfully
2023-04-07T22:03:56.125+05:30  INFO 15532 --- [http-nio-9005-exec-8] c.c.a.c.PatientHealthRecordController    : Visit details fetched by patientId successfully
2023-04-07T22:19:10.047+05:30  INFO 15532 --- [http-nio-9005-exec-6] c.c.a.c.PatientHealthRecordController    : Visit details fetched by patientId successfully
2023-04-07T22:19:16.706+05:30  INFO 15532 --- [http-nio-9005-exec-7] c.c.a.c.PatientHealthRecordController    : Visit details fetched by patientId successfully
2023-04-07T22:20:10.120+05:30  INFO 15532 --- [http-nio-9005-exec-5] c.c.a.c.PatientHealthRecordController    : Visit details fetched by patientId successfully
2023-04-07T22:20:16.300+05:30  INFO 15532 --- [http-nio-9005-exec-3] c.c.a.c.PatientHealthRecordController    : Visit details fetched by patientId successfully
2023-04-07T22:20:28.922+05:30  INFO 15532 --- [http-nio-9005-exec-9] c.c.a.c.PatientHealthRecordController    : Visit details fetched by patientId successfully
2023-04-07T22:38:35.517+05:30  WARN 15532 --- [http-nio-9005-exec-8] .m.m.a.ExceptionHandlerExceptionResolver : Resolved [com.capstone.application.exception.PatientHealthException: No patient found with patient Id 5]
2023-04-07T22:40:12.406+05:30  INFO 15532 --- [http-nio-9005-exec-9] c.c.a.c.PatientHealthRecordController    : Patient health record submitted successfully
2023-04-07T22:40:12.408+05:30  INFO 15532 --- [http-nio-9005-exec-9] c.c.a.c.PatientHealthRecordController    : null
2023-04-07T22:40:12.409+05:30  INFO 15532 --- [http-nio-9005-exec-9] .c.a.s.i.PatientHealthRecordsServiceImpl : Created visit details successfully
2023-04-07T22:43:04.070+05:30  INFO 15532 --- [http-nio-9005-exec-1] c.c.a.c.PatientHealthRecordController    : Visit details fetched by patientId successfully
2023-04-07T22:43:31.916+05:30  INFO 15532 --- [http-nio-9005-exec-5] c.c.a.c.PatientHealthRecordController    : Visit details fetched by patientId successfully
2023-04-07T22:44:36.212+05:30  INFO 15532 --- [http-nio-9005-exec-1] c.c.a.c.PatientHealthRecordController    : Visit details fetched by patientId successfully
2023-04-07T22:44:57.520+05:30  INFO 15532 --- [http-nio-9005-exec-2] c.c.a.c.PatientHealthRecordController    : Visit details fetched by patientId successfully
2023-04-07T22:46:08.600+05:30  INFO 15532 --- [http-nio-9005-exec-3] c.c.a.c.PatientHealthRecordController    : Visit details fetched by patientId successfully
2023-04-07T22:46:12.394+05:30  INFO 15532 --- [http-nio-9005-exec-5] c.c.a.c.PatientHealthRecordController    : Visit details fetched by patientId successfully
2023-04-07T22:47:21.964+05:30  INFO 15532 --- [http-nio-9005-exec-6] c.c.a.c.PatientHealthRecordController    : Visit details fetched by patientId successfully
2023-04-07T22:47:48.544+05:30  INFO 15532 --- [http-nio-9005-exec-2] c.c.a.c.PatientHealthRecordController    : Visit details fetched by patientId successfully
2023-04-07T22:48:45.929+05:30  INFO 15532 --- [http-nio-9005-exec-6] c.c.a.c.PatientHealthRecordController    : Visit details fetched by patientId successfully
2023-04-07T22:48:52.600+05:30  INFO 15532 --- [http-nio-9005-exec-4] c.c.a.c.PatientHealthRecordController    : Visit details fetched by patientId successfully
2023-04-07T22:49:14.348+05:30  INFO 15532 --- [http-nio-9005-exec-6] c.c.a.c.PatientHealthRecordController    : Visit details fetched by patientId successfully
2023-04-07T22:49:24.133+05:30  INFO 15532 --- [http-nio-9005-exec-4] c.c.a.c.PatientHealthRecordController    : Visit details fetched by patientId successfully
2023-04-07T22:49:37.761+05:30  INFO 15532 --- [http-nio-9005-exec-10] c.c.a.c.PatientHealthRecordController    : Visit details fetched by patientId successfully
2023-04-07T22:49:43.309+05:30  INFO 15532 --- [http-nio-9005-exec-7] c.c.a.c.PatientHealthRecordController    : Visit details fetched by patientId successfully
2023-04-07T22:50:50.526+05:30  WARN 15532 --- [http-nio-9005-exec-3] .m.m.a.ExceptionHandlerExceptionResolver : Resolved [org.springframework.web.method.annotation.MethodArgumentTypeMismatchException: Failed to convert value of type 'java.lang.String' to required type 'java.lang.Integer'; For input string: "undefined"]
2023-04-07T22:52:15.727+05:30  WARN 15532 --- [http-nio-9005-exec-6] .m.m.a.ExceptionHandlerExceptionResolver : Resolved [org.springframework.web.method.annotation.MethodArgumentTypeMismatchException: Failed to convert value of type 'java.lang.String' to required type 'java.lang.Integer'; For input string: "undefined"]
2023-04-07T22:52:23.830+05:30  INFO 15532 --- [http-nio-9005-exec-8] c.c.a.c.PatientHealthRecordController    : Visit details fetched by patientId successfully
2023-04-07T22:52:29.019+05:30  INFO 15532 --- [http-nio-9005-exec-7] c.c.a.c.PatientHealthRecordController    : Visit details fetched by patientId successfully
2023-04-07T22:53:04.552+05:30  WARN 15532 --- [http-nio-9005-exec-9] .m.m.a.ExceptionHandlerExceptionResolver : Resolved [org.springframework.web.method.annotation.MethodArgumentTypeMismatchException: Failed to convert value of type 'java.lang.String' to required type 'java.lang.Integer'; For input string: "undefined"]
2023-04-07T22:53:07.013+05:30  INFO 15532 --- [http-nio-9005-exec-6] c.c.a.c.PatientHealthRecordController    : Visit details fetched by patientId successfully
2023-04-07T22:53:11.350+05:30  INFO 15532 --- [http-nio-9005-exec-5] c.c.a.c.PatientHealthRecordController    : Visit details fetched by patientId successfully
2023-04-07T22:55:58.929+05:30  INFO 15532 --- [RMI TCP Connection(70)-127.0.0.1] inMXBeanRegistrar$SpringApplicationAdmin : Application shutdown requested.
2023-04-07T22:55:59.597+05:30  INFO 15532 --- [RMI TCP Connection(70)-127.0.0.1] o.apache.catalina.core.StandardService   : Stopping service [Tomcat]
2023-04-07T22:55:59.674+05:30  INFO 15532 --- [RMI TCP Connection(70)-127.0.0.1] o.a.c.c.C.[Tomcat].[localhost].[/]       : Destroying Spring FrameworkServlet 'dispatcherServlet'
2023-04-07T22:56:00.160+05:30  INFO 15532 --- [RMI TCP Connection(71)-127.0.0.1] inMXBeanRegistrar$SpringApplicationAdmin : Application shutdown requested.
2023-04-07T22:56:00.213+05:30  INFO 15532 --- [RMI TCP Connection(70)-127.0.0.1] o.s.c.c.s.ConsulServiceRegistry          : Deregistering service with consul: g3-patient-health-records-service-9005
2023-04-07T22:56:08.621+05:30  INFO 15532 --- [RMI TCP Connection(70)-127.0.0.1] j.LocalContainerEntityManagerFactoryBean : Closing JPA EntityManagerFactory for persistence unit 'default'
2023-04-07T22:56:09.000+05:30  INFO 15532 --- [RMI TCP Connection(70)-127.0.0.1] com.zaxxer.hikari.HikariDataSource       : HikariPool-1 - Shutdown initiated...
2023-04-07T22:56:09.025+05:30  INFO 15532 --- [RMI TCP Connection(70)-127.0.0.1] com.zaxxer.hikari.HikariDataSource       : HikariPool-1 - Shutdown completed.
