2023-04-07T11:04:44.518+05:30  INFO 5968 --- [restartedMain] c.c.a.AuthenticationServiceApplication   : Starting AuthenticationServiceApplication using Java 17.0.6 with PID 5968 (C:\Users\KUNAL\Desktop\final-integration\Final-integration\Microservices\g3-authentication-service\target\classes started by KUNAL in C:\Users\KUNAL\Desktop\final-integration\Final-integration\Microservices\g3-authentication-service)
2023-04-07T11:04:44.544+05:30  INFO 5968 --- [restartedMain] c.c.a.AuthenticationServiceApplication   : No active profile set, falling back to 1 default profile: "default"
2023-04-07T11:04:44.886+05:30  INFO 5968 --- [restartedMain] .e.DevToolsPropertyDefaultsPostProcessor : Devtools property defaults active! Set 'spring.devtools.add-properties' to 'false' to disable
2023-04-07T11:04:44.892+05:30  INFO 5968 --- [restartedMain] .e.DevToolsPropertyDefaultsPostProcessor : For additional web related logging consider setting the 'logging.level.web' property to 'DEBUG'
2023-04-07T11:04:50.284+05:30  INFO 5968 --- [restartedMain] .s.d.r.c.RepositoryConfigurationDelegate : Bootstrapping Spring Data JPA repositories in DEFAULT mode.
2023-04-07T11:04:50.860+05:30  INFO 5968 --- [restartedMain] .s.d.r.c.RepositoryConfigurationDelegate : Finished Spring Data repository scanning in 557 ms. Found 1 JPA repository interfaces.
2023-04-07T11:04:51.998+05:30  INFO 5968 --- [restartedMain] o.s.cloud.context.scope.GenericScope     : BeanFactory id=8dbabca3-eeca-3b3a-bd55-90c863c09f38
2023-04-07T11:04:52.295+05:30  INFO 5968 --- [restartedMain] trationDelegate$BeanPostProcessorChecker : Bean 'org.springframework.ws.config.annotation.DelegatingWsConfiguration' of type [org.springframework.ws.config.annotation.DelegatingWsConfiguration$$SpringCGLIB$$0] is not eligible for getting processed by all BeanPostProcessors (for example: not eligible for auto-proxying)
2023-04-07T11:04:52.418+05:30  INFO 5968 --- [restartedMain] .w.s.a.s.AnnotationActionEndpointMapping : Supporting [WS-Addressing August 2004, WS-Addressing 1.0]
2023-04-07T11:04:54.627+05:30  INFO 5968 --- [restartedMain] o.s.b.w.embedded.tomcat.TomcatWebServer  : Tomcat initialized with port(s): 9004 (http)
2023-04-07T11:04:54.659+05:30  INFO 5968 --- [restartedMain] o.apache.catalina.core.StandardService   : Starting service [Tomcat]
2023-04-07T11:04:54.660+05:30  INFO 5968 --- [restartedMain] o.apache.catalina.core.StandardEngine    : Starting Servlet engine: [Apache Tomcat/10.1.5]
2023-04-07T11:04:54.895+05:30  INFO 5968 --- [restartedMain] o.a.c.c.C.[Tomcat].[localhost].[/]       : Initializing Spring embedded WebApplicationContext
2023-04-07T11:04:54.955+05:30  INFO 5968 --- [restartedMain] w.s.c.ServletWebServerApplicationContext : Root WebApplicationContext: initialization completed in 10061 ms
2023-04-07T11:04:56.074+05:30  INFO 5968 --- [restartedMain] o.hibernate.jpa.internal.util.LogHelper  : HHH000204: Processing PersistenceUnitInfo [name: default]
2023-04-07T11:04:56.297+05:30  INFO 5968 --- [restartedMain] org.hibernate.Version                    : HHH000412: Hibernate ORM core version 6.1.7.Final
2023-04-07T11:04:57.542+05:30  INFO 5968 --- [restartedMain] com.zaxxer.hikari.HikariDataSource       : HikariPool-1 - Starting...
2023-04-07T11:04:58.063+05:30  INFO 5968 --- [restartedMain] com.zaxxer.hikari.pool.HikariPool        : HikariPool-1 - Added connection com.mysql.cj.jdbc.ConnectionImpl@459e2030
2023-04-07T11:04:58.066+05:30  INFO 5968 --- [restartedMain] com.zaxxer.hikari.HikariDataSource       : HikariPool-1 - Start completed.
2023-04-07T11:04:58.257+05:30  INFO 5968 --- [restartedMain] SQL dialect                              : HHH000400: Using dialect: org.hibernate.dialect.MySQLDialect
2023-04-07T11:05:02.264+05:30  INFO 5968 --- [restartedMain] o.h.e.t.j.p.i.JtaPlatformInitiator       : HHH000490: Using JtaPlatform implementation: [org.hibernate.engine.transaction.jta.platform.internal.NoJtaPlatform]
2023-04-07T11:05:02.284+05:30  INFO 5968 --- [restartedMain] j.LocalContainerEntityManagerFactoryBean : Initialized JPA EntityManagerFactory for persistence unit 'default'
2023-04-07T11:05:05.724+05:30  WARN 5968 --- [restartedMain] JpaBaseConfiguration$JpaWebConfiguration : spring.jpa.open-in-view is enabled by default. Therefore, database queries may be performed during view rendering. Explicitly configure spring.jpa.open-in-view to disable this warning
2023-04-07T11:05:12.587+05:30  WARN 5968 --- [restartedMain] o.s.b.d.a.OptionalLiveReloadServer       : Unable to start LiveReload server
2023-04-07T11:05:14.760+05:30  WARN 5968 --- [restartedMain] iguration$LoadBalancerCaffeineWarnLogger : Spring Cloud LoadBalancer is currently working with the default cache. While this cache implementation is useful for development and tests, it's recommended to use Caffeine cache in production.You can switch to using Caffeine cache, by adding it and org.springframework.cache.caffeine.CaffeineCacheManager to the classpath.
2023-04-07T11:05:14.888+05:30  INFO 5968 --- [restartedMain] o.s.b.a.e.web.EndpointLinksResolver      : Exposing 1 endpoint(s) beneath base path '/actuator'
2023-04-07T11:05:15.810+05:30  INFO 5968 --- [restartedMain] o.s.b.w.embedded.tomcat.TomcatWebServer  : Tomcat started on port(s): 9004 (http) with context path ''
2023-04-07T11:05:15.858+05:30  INFO 5968 --- [restartedMain] o.s.c.c.s.ConsulServiceRegistry          : Registering service with consul: NewService{id='g3-authentication-service-9004', name='g3-authentication-service', tags=[], address='LENOVO-2021', meta={secure=false}, port=9004, enableTagOverride=null, check=Check{script='null', dockerContainerID='null', shell='null', interval='10s', ttl='null', http='http://LENOVO-2021:9004/actuator/health', method='null', header={}, tcp='null', timeout='null', deregisterCriticalServiceAfter='null', tlsSkipVerify=null, status='null', grpc='null', grpcUseTLS=null}, checks=null}
2023-04-07T11:05:17.780+05:30  INFO 5968 --- [restartedMain] c.c.a.AuthenticationServiceApplication   : Started AuthenticationServiceApplication in 38.187 seconds (process running for 41.272)
2023-04-07T11:05:23.107+05:30  INFO 5968 --- [http-nio-9004-exec-1] o.a.c.c.C.[Tomcat].[localhost].[/]       : Initializing Spring DispatcherServlet 'dispatcherServlet'
2023-04-07T11:05:23.108+05:30  INFO 5968 --- [http-nio-9004-exec-1] o.s.web.servlet.DispatcherServlet        : Initializing Servlet 'dispatcherServlet'
2023-04-07T11:05:23.112+05:30  INFO 5968 --- [http-nio-9004-exec-1] o.s.web.servlet.DispatcherServlet        : Completed initialization in 4 ms
2023-04-07T21:55:41.016+05:30  INFO 8824 --- [restartedMain] c.c.a.AuthenticationServiceApplication   : Starting AuthenticationServiceApplication using Java 17.0.6 with PID 8824 (C:\Users\KUNAL\Desktop\final-integration\Final-integration\Microservices\g3-authentication-service\target\classes started by KUNAL in C:\Users\KUNAL\Desktop\final-integration\Final-integration\Microservices\g3-authentication-service)
2023-04-07T21:55:41.018+05:30  INFO 8824 --- [restartedMain] c.c.a.AuthenticationServiceApplication   : No active profile set, falling back to 1 default profile: "default"
2023-04-07T21:55:41.059+05:30  INFO 8824 --- [restartedMain] .e.DevToolsPropertyDefaultsPostProcessor : Devtools property defaults active! Set 'spring.devtools.add-properties' to 'false' to disable
2023-04-07T21:55:41.059+05:30  INFO 8824 --- [restartedMain] .e.DevToolsPropertyDefaultsPostProcessor : For additional web related logging consider setting the 'logging.level.web' property to 'DEBUG'
2023-04-07T21:55:42.517+05:30  INFO 8824 --- [restartedMain] .s.d.r.c.RepositoryConfigurationDelegate : Bootstrapping Spring Data JPA repositories in DEFAULT mode.
2023-04-07T21:55:42.803+05:30  INFO 8824 --- [restartedMain] .s.d.r.c.RepositoryConfigurationDelegate : Finished Spring Data repository scanning in 276 ms. Found 1 JPA repository interfaces.
2023-04-07T21:55:43.349+05:30  INFO 8824 --- [restartedMain] o.s.cloud.context.scope.GenericScope     : BeanFactory id=8dbabca3-eeca-3b3a-bd55-90c863c09f38
2023-04-07T21:55:43.509+05:30  INFO 8824 --- [restartedMain] trationDelegate$BeanPostProcessorChecker : Bean 'org.springframework.ws.config.annotation.DelegatingWsConfiguration' of type [org.springframework.ws.config.annotation.DelegatingWsConfiguration$$SpringCGLIB$$0] is not eligible for getting processed by all BeanPostProcessors (for example: not eligible for auto-proxying)
2023-04-07T21:55:43.573+05:30  INFO 8824 --- [restartedMain] .w.s.a.s.AnnotationActionEndpointMapping : Supporting [WS-Addressing August 2004, WS-Addressing 1.0]
2023-04-07T21:55:44.204+05:30  INFO 8824 --- [restartedMain] o.s.b.w.embedded.tomcat.TomcatWebServer  : Tomcat initialized with port(s): 9004 (http)
2023-04-07T21:55:44.214+05:30  INFO 8824 --- [restartedMain] o.apache.catalina.core.StandardService   : Starting service [Tomcat]
2023-04-07T21:55:44.214+05:30  INFO 8824 --- [restartedMain] o.apache.catalina.core.StandardEngine    : Starting Servlet engine: [Apache Tomcat/10.1.5]
2023-04-07T21:55:44.314+05:30  INFO 8824 --- [restartedMain] o.a.c.c.C.[Tomcat].[localhost].[/]       : Initializing Spring embedded WebApplicationContext
2023-04-07T21:55:44.315+05:30  INFO 8824 --- [restartedMain] w.s.c.ServletWebServerApplicationContext : Root WebApplicationContext: initialization completed in 3255 ms
2023-04-07T21:55:44.627+05:30  INFO 8824 --- [restartedMain] o.hibernate.jpa.internal.util.LogHelper  : HHH000204: Processing PersistenceUnitInfo [name: default]
2023-04-07T21:55:44.735+05:30  INFO 8824 --- [restartedMain] org.hibernate.Version                    : HHH000412: Hibernate ORM core version 6.1.7.Final
2023-04-07T21:55:45.163+05:30  INFO 8824 --- [restartedMain] com.zaxxer.hikari.HikariDataSource       : HikariPool-1 - Starting...
2023-04-07T21:55:45.514+05:30  INFO 8824 --- [restartedMain] com.zaxxer.hikari.pool.HikariPool        : HikariPool-1 - Added connection com.mysql.cj.jdbc.ConnectionImpl@2b1f1479
2023-04-07T21:55:45.518+05:30  INFO 8824 --- [restartedMain] com.zaxxer.hikari.HikariDataSource       : HikariPool-1 - Start completed.
2023-04-07T21:55:45.628+05:30  INFO 8824 --- [restartedMain] SQL dialect                              : HHH000400: Using dialect: org.hibernate.dialect.MySQLDialect
2023-04-07T21:55:46.725+05:30  INFO 8824 --- [restartedMain] o.h.e.t.j.p.i.JtaPlatformInitiator       : HHH000490: Using JtaPlatform implementation: [org.hibernate.engine.transaction.jta.platform.internal.NoJtaPlatform]
2023-04-07T21:55:46.738+05:30  INFO 8824 --- [restartedMain] j.LocalContainerEntityManagerFactoryBean : Initialized JPA EntityManagerFactory for persistence unit 'default'
2023-04-07T21:55:47.226+05:30  WARN 8824 --- [restartedMain] JpaBaseConfiguration$JpaWebConfiguration : spring.jpa.open-in-view is enabled by default. Therefore, database queries may be performed during view rendering. Explicitly configure spring.jpa.open-in-view to disable this warning
2023-04-07T21:55:49.380+05:30  WARN 8824 --- [restartedMain] o.s.b.d.a.OptionalLiveReloadServer       : Unable to start LiveReload server
2023-04-07T21:55:49.718+05:30  WARN 8824 --- [restartedMain] iguration$LoadBalancerCaffeineWarnLogger : Spring Cloud LoadBalancer is currently working with the default cache. While this cache implementation is useful for development and tests, it's recommended to use Caffeine cache in production.You can switch to using Caffeine cache, by adding it and org.springframework.cache.caffeine.CaffeineCacheManager to the classpath.
2023-04-07T21:55:49.734+05:30  INFO 8824 --- [restartedMain] o.s.b.a.e.web.EndpointLinksResolver      : Exposing 1 endpoint(s) beneath base path '/actuator'
2023-04-07T21:55:49.959+05:30  INFO 8824 --- [restartedMain] o.s.b.w.embedded.tomcat.TomcatWebServer  : Tomcat started on port(s): 9004 (http) with context path ''
2023-04-07T21:55:49.963+05:30  INFO 8824 --- [restartedMain] o.s.c.c.s.ConsulServiceRegistry          : Registering service with consul: NewService{id='g3-authentication-service-9004', name='g3-authentication-service', tags=[], address='LENOVO-2021', meta={secure=false}, port=9004, enableTagOverride=null, check=Check{script='null', dockerContainerID='null', shell='null', interval='10s', ttl='null', http='http://LENOVO-2021:9004/actuator/health', method='null', header={}, tcp='null', timeout='null', deregisterCriticalServiceAfter='null', tlsSkipVerify=null, status='null', grpc='null', grpcUseTLS=null}, checks=null}
2023-04-07T21:55:50.200+05:30  INFO 8824 --- [restartedMain] c.c.a.AuthenticationServiceApplication   : Started AuthenticationServiceApplication in 9.945 seconds (process running for 10.743)
2023-04-07T21:55:58.841+05:30  INFO 8824 --- [http-nio-9004-exec-1] o.a.c.c.C.[Tomcat].[localhost].[/]       : Initializing Spring DispatcherServlet 'dispatcherServlet'
2023-04-07T21:55:58.841+05:30  INFO 8824 --- [http-nio-9004-exec-1] o.s.web.servlet.DispatcherServlet        : Initializing Servlet 'dispatcherServlet'
2023-04-07T21:55:58.843+05:30  INFO 8824 --- [http-nio-9004-exec-1] o.s.web.servlet.DispatcherServlet        : Completed initialization in 2 ms
2023-04-07T22:11:05.064+05:30  INFO 8824 --- [http-nio-9004-exec-2] c.c.a.c.AuthenticationServiceController  : Patient registrated successfully
2023-04-07T22:11:05.144+05:30  INFO 8824 --- [http-nio-9004-exec-2] c.a.s.i.PatientAuthenticationServiceImpl : Patient registered successfully
2023-04-07T22:56:28.238+05:30  INFO 8824 --- [RMI TCP Connection(72)-127.0.0.1] inMXBeanRegistrar$SpringApplicationAdmin : Application shutdown requested.
2023-04-07T22:56:28.238+05:30  INFO 8824 --- [RMI TCP Connection(71)-127.0.0.1] inMXBeanRegistrar$SpringApplicationAdmin : Application shutdown requested.
2023-04-07T22:56:29.189+05:30  INFO 8824 --- [RMI TCP Connection(72)-127.0.0.1] o.apache.catalina.core.StandardService   : Stopping service [Tomcat]
2023-04-07T22:56:29.246+05:30  INFO 8824 --- [RMI TCP Connection(72)-127.0.0.1] o.a.c.c.C.[Tomcat].[localhost].[/]       : Destroying Spring FrameworkServlet 'dispatcherServlet'
2023-04-07T22:56:29.435+05:30  INFO 8824 --- [RMI TCP Connection(72)-127.0.0.1] o.s.c.c.s.ConsulServiceRegistry          : Deregistering service with consul: g3-authentication-service-9004
2023-04-07T22:56:29.514+05:30  INFO 8824 --- [RMI TCP Connection(72)-127.0.0.1] j.LocalContainerEntityManagerFactoryBean : Closing JPA EntityManagerFactory for persistence unit 'default'
2023-04-07T22:56:29.583+05:30  INFO 8824 --- [RMI TCP Connection(72)-127.0.0.1] com.zaxxer.hikari.HikariDataSource       : HikariPool-1 - Shutdown initiated...
2023-04-07T22:56:29.632+05:30  INFO 8824 --- [RMI TCP Connection(72)-127.0.0.1] com.zaxxer.hikari.HikariDataSource       : HikariPool-1 - Shutdown completed.
