2023-04-07T11:04:35.735+05:30  INFO 13136 --- [restartedMain] c.c.application.AppointmentApplication   : Starting AppointmentApplication using Java 17.0.6 with PID 13136 (C:\Users\KUNAL\Desktop\final-integration\Final-integration\Microservices\g3-appointment-service\target\classes started by KUNAL in C:\Users\KUNAL\Desktop\final-integration\Final-integration\Microservices\g3-appointment-service)
2023-04-07T11:04:35.749+05:30  INFO 13136 --- [restartedMain] c.c.application.AppointmentApplication   : No active profile set, falling back to 1 default profile: "default"
2023-04-07T11:04:36.024+05:30  INFO 13136 --- [restartedMain] .e.DevToolsPropertyDefaultsPostProcessor : Devtools property defaults active! Set 'spring.devtools.add-properties' to 'false' to disable
2023-04-07T11:04:36.079+05:30  INFO 13136 --- [restartedMain] .e.DevToolsPropertyDefaultsPostProcessor : For additional web related logging consider setting the 'logging.level.web' property to 'DEBUG'
2023-04-07T11:04:42.301+05:30  INFO 13136 --- [restartedMain] .s.d.r.c.RepositoryConfigurationDelegate : Bootstrapping Spring Data JPA repositories in DEFAULT mode.
2023-04-07T11:04:43.279+05:30  INFO 13136 --- [restartedMain] .s.d.r.c.RepositoryConfigurationDelegate : Finished Spring Data repository scanning in 932 ms. Found 1 JPA repository interfaces.
2023-04-07T11:04:44.524+05:30  INFO 13136 --- [restartedMain] o.s.cloud.context.scope.GenericScope     : BeanFactory id=18418bed-9b38-341b-bf9d-8f446204b207
2023-04-07T11:04:45.100+05:30  INFO 13136 --- [restartedMain] trationDelegate$BeanPostProcessorChecker : Bean 'org.springframework.ws.config.annotation.DelegatingWsConfiguration' of type [org.springframework.ws.config.annotation.DelegatingWsConfiguration$$SpringCGLIB$$0] is not eligible for getting processed by all BeanPostProcessors (for example: not eligible for auto-proxying)
2023-04-07T11:04:45.408+05:30  INFO 13136 --- [restartedMain] .w.s.a.s.AnnotationActionEndpointMapping : Supporting [WS-Addressing August 2004, WS-Addressing 1.0]
2023-04-07T11:04:48.228+05:30  INFO 13136 --- [restartedMain] o.s.b.w.embedded.tomcat.TomcatWebServer  : Tomcat initialized with port(s): 9003 (http)
2023-04-07T11:04:48.272+05:30  INFO 13136 --- [restartedMain] o.apache.catalina.core.StandardService   : Starting service [Tomcat]
2023-04-07T11:04:48.275+05:30  INFO 13136 --- [restartedMain] o.apache.catalina.core.StandardEngine    : Starting Servlet engine: [Apache Tomcat/10.1.5]
2023-04-07T11:04:48.549+05:30  INFO 13136 --- [restartedMain] o.a.c.c.C.[Tomcat].[localhost].[/]       : Initializing Spring embedded WebApplicationContext
2023-04-07T11:04:48.550+05:30  INFO 13136 --- [restartedMain] w.s.c.ServletWebServerApplicationContext : Root WebApplicationContext: initialization completed in 12470 ms
2023-04-07T11:04:50.882+05:30  INFO 13136 --- [restartedMain] o.hibernate.jpa.internal.util.LogHelper  : HHH000204: Processing PersistenceUnitInfo [name: default]
2023-04-07T11:04:51.010+05:30  INFO 13136 --- [restartedMain] org.hibernate.Version                    : HHH000412: Hibernate ORM core version 6.1.7.Final
2023-04-07T11:04:54.087+05:30  INFO 13136 --- [restartedMain] com.zaxxer.hikari.HikariDataSource       : HikariPool-1 - Starting...
2023-04-07T11:04:54.625+05:30  INFO 13136 --- [restartedMain] com.zaxxer.hikari.pool.HikariPool        : HikariPool-1 - Added connection com.mysql.cj.jdbc.ConnectionImpl@7e16a8af
2023-04-07T11:04:54.628+05:30  INFO 13136 --- [restartedMain] com.zaxxer.hikari.HikariDataSource       : HikariPool-1 - Start completed.
2023-04-07T11:04:54.759+05:30  INFO 13136 --- [restartedMain] SQL dialect                              : HHH000400: Using dialect: org.hibernate.dialect.MySQLDialect
2023-04-07T11:04:58.684+05:30  INFO 13136 --- [restartedMain] o.h.e.t.j.p.i.JtaPlatformInitiator       : HHH000490: Using JtaPlatform implementation: [org.hibernate.engine.transaction.jta.platform.internal.NoJtaPlatform]
2023-04-07T11:04:58.706+05:30  INFO 13136 --- [restartedMain] j.LocalContainerEntityManagerFactoryBean : Initialized JPA EntityManagerFactory for persistence unit 'default'
2023-04-07T11:05:01.658+05:30  WARN 13136 --- [restartedMain] JpaBaseConfiguration$JpaWebConfiguration : spring.jpa.open-in-view is enabled by default. Therefore, database queries may be performed during view rendering. Explicitly configure spring.jpa.open-in-view to disable this warning
2023-04-07T11:05:10.567+05:30  WARN 13136 --- [restartedMain] o.s.b.d.a.OptionalLiveReloadServer       : Unable to start LiveReload server
2023-04-07T11:05:12.335+05:30  WARN 13136 --- [restartedMain] iguration$LoadBalancerCaffeineWarnLogger : Spring Cloud LoadBalancer is currently working with the default cache. While this cache implementation is useful for development and tests, it's recommended to use Caffeine cache in production.You can switch to using Caffeine cache, by adding it and org.springframework.cache.caffeine.CaffeineCacheManager to the classpath.
2023-04-07T11:05:12.357+05:30  INFO 13136 --- [restartedMain] o.s.b.a.e.web.EndpointLinksResolver      : Exposing 1 endpoint(s) beneath base path '/actuator'
2023-04-07T11:05:13.481+05:30  INFO 13136 --- [restartedMain] o.s.b.w.embedded.tomcat.TomcatWebServer  : Tomcat started on port(s): 9003 (http) with context path ''
2023-04-07T11:05:13.488+05:30  INFO 13136 --- [restartedMain] o.s.c.c.s.ConsulServiceRegistry          : Registering service with consul: NewService{id='g3-appointment-service-9003', name='g3-appointment-service', tags=[], address='LENOVO-2021', meta={secure=false}, port=9003, enableTagOverride=null, check=Check{script='null', dockerContainerID='null', shell='null', interval='10s', ttl='null', http='http://LENOVO-2021:9003/actuator/health', method='null', header={}, tcp='null', timeout='null', deregisterCriticalServiceAfter='null', tlsSkipVerify=null, status='null', grpc='null', grpcUseTLS=null}, checks=null}
2023-04-07T11:05:16.090+05:30  INFO 13136 --- [restartedMain] c.c.application.AppointmentApplication   : Started AppointmentApplication in 44.913 seconds (process running for 50.281)
2023-04-07T11:05:19.500+05:30  INFO 13136 --- [http-nio-9003-exec-4] o.a.c.c.C.[Tomcat].[localhost].[/]       : Initializing Spring DispatcherServlet 'dispatcherServlet'
2023-04-07T11:05:19.501+05:30  INFO 13136 --- [http-nio-9003-exec-4] o.s.web.servlet.DispatcherServlet        : Initializing Servlet 'dispatcherServlet'
2023-04-07T11:05:19.508+05:30  INFO 13136 --- [http-nio-9003-exec-4] o.s.web.servlet.DispatcherServlet        : Completed initialization in 6 ms
2023-04-07T21:54:57.749+05:30  INFO 5332 --- [restartedMain] c.c.application.AppointmentApplication   : Starting AppointmentApplication using Java 17.0.6 with PID 5332 (C:\Users\KUNAL\Desktop\final-integration\Final-integration\Microservices\g3-appointment-service\target\classes started by KUNAL in C:\Users\KUNAL\Desktop\final-integration\Final-integration\Microservices\g3-appointment-service)
2023-04-07T21:54:57.754+05:30  INFO 5332 --- [restartedMain] c.c.application.AppointmentApplication   : No active profile set, falling back to 1 default profile: "default"
2023-04-07T21:54:57.810+05:30  INFO 5332 --- [restartedMain] .e.DevToolsPropertyDefaultsPostProcessor : Devtools property defaults active! Set 'spring.devtools.add-properties' to 'false' to disable
2023-04-07T21:54:57.810+05:30  INFO 5332 --- [restartedMain] .e.DevToolsPropertyDefaultsPostProcessor : For additional web related logging consider setting the 'logging.level.web' property to 'DEBUG'
2023-04-07T21:54:59.088+05:30  INFO 5332 --- [restartedMain] .s.d.r.c.RepositoryConfigurationDelegate : Bootstrapping Spring Data JPA repositories in DEFAULT mode.
2023-04-07T21:54:59.212+05:30  INFO 5332 --- [restartedMain] .s.d.r.c.RepositoryConfigurationDelegate : Finished Spring Data repository scanning in 118 ms. Found 1 JPA repository interfaces.
2023-04-07T21:54:59.435+05:30  INFO 5332 --- [restartedMain] o.s.cloud.context.scope.GenericScope     : BeanFactory id=18418bed-9b38-341b-bf9d-8f446204b207
2023-04-07T21:54:59.543+05:30  INFO 5332 --- [restartedMain] trationDelegate$BeanPostProcessorChecker : Bean 'org.springframework.ws.config.annotation.DelegatingWsConfiguration' of type [org.springframework.ws.config.annotation.DelegatingWsConfiguration$$SpringCGLIB$$0] is not eligible for getting processed by all BeanPostProcessors (for example: not eligible for auto-proxying)
2023-04-07T21:54:59.593+05:30  INFO 5332 --- [restartedMain] .w.s.a.s.AnnotationActionEndpointMapping : Supporting [WS-Addressing August 2004, WS-Addressing 1.0]
2023-04-07T21:55:00.043+05:30  INFO 5332 --- [restartedMain] o.s.b.w.embedded.tomcat.TomcatWebServer  : Tomcat initialized with port(s): 9003 (http)
2023-04-07T21:55:00.053+05:30  INFO 5332 --- [restartedMain] o.apache.catalina.core.StandardService   : Starting service [Tomcat]
2023-04-07T21:55:00.053+05:30  INFO 5332 --- [restartedMain] o.apache.catalina.core.StandardEngine    : Starting Servlet engine: [Apache Tomcat/10.1.5]
2023-04-07T21:55:00.121+05:30  INFO 5332 --- [restartedMain] o.a.c.c.C.[Tomcat].[localhost].[/]       : Initializing Spring embedded WebApplicationContext
2023-04-07T21:55:00.122+05:30  INFO 5332 --- [restartedMain] w.s.c.ServletWebServerApplicationContext : Root WebApplicationContext: initialization completed in 2310 ms
2023-04-07T21:55:00.370+05:30  INFO 5332 --- [restartedMain] o.hibernate.jpa.internal.util.LogHelper  : HHH000204: Processing PersistenceUnitInfo [name: default]
2023-04-07T21:55:00.416+05:30  INFO 5332 --- [restartedMain] org.hibernate.Version                    : HHH000412: Hibernate ORM core version 6.1.7.Final
2023-04-07T21:55:00.673+05:30  INFO 5332 --- [restartedMain] com.zaxxer.hikari.HikariDataSource       : HikariPool-1 - Starting...
2023-04-07T21:55:00.894+05:30  INFO 5332 --- [restartedMain] com.zaxxer.hikari.pool.HikariPool        : HikariPool-1 - Added connection com.mysql.cj.jdbc.ConnectionImpl@4730277e
2023-04-07T21:55:00.898+05:30  INFO 5332 --- [restartedMain] com.zaxxer.hikari.HikariDataSource       : HikariPool-1 - Start completed.
2023-04-07T21:55:01.015+05:30  INFO 5332 --- [restartedMain] SQL dialect                              : HHH000400: Using dialect: org.hibernate.dialect.MySQLDialect
2023-04-07T21:55:01.774+05:30  INFO 5332 --- [restartedMain] o.h.e.t.j.p.i.JtaPlatformInitiator       : HHH000490: Using JtaPlatform implementation: [org.hibernate.engine.transaction.jta.platform.internal.NoJtaPlatform]
2023-04-07T21:55:01.784+05:30  INFO 5332 --- [restartedMain] j.LocalContainerEntityManagerFactoryBean : Initialized JPA EntityManagerFactory for persistence unit 'default'
2023-04-07T21:55:02.276+05:30  WARN 5332 --- [restartedMain] JpaBaseConfiguration$JpaWebConfiguration : spring.jpa.open-in-view is enabled by default. Therefore, database queries may be performed during view rendering. Explicitly configure spring.jpa.open-in-view to disable this warning
2023-04-07T21:55:04.320+05:30  WARN 5332 --- [restartedMain] o.s.b.d.a.OptionalLiveReloadServer       : Unable to start LiveReload server
2023-04-07T21:55:04.599+05:30  WARN 5332 --- [restartedMain] iguration$LoadBalancerCaffeineWarnLogger : Spring Cloud LoadBalancer is currently working with the default cache. While this cache implementation is useful for development and tests, it's recommended to use Caffeine cache in production.You can switch to using Caffeine cache, by adding it and org.springframework.cache.caffeine.CaffeineCacheManager to the classpath.
2023-04-07T21:55:04.605+05:30  INFO 5332 --- [restartedMain] o.s.b.a.e.web.EndpointLinksResolver      : Exposing 1 endpoint(s) beneath base path '/actuator'
2023-04-07T21:55:04.726+05:30  INFO 5332 --- [restartedMain] o.s.b.w.embedded.tomcat.TomcatWebServer  : Tomcat started on port(s): 9003 (http) with context path ''
2023-04-07T21:55:04.730+05:30  INFO 5332 --- [restartedMain] o.s.c.c.s.ConsulServiceRegistry          : Registering service with consul: NewService{id='g3-appointment-service-9003', name='g3-appointment-service', tags=[], address='LENOVO-2021', meta={secure=false}, port=9003, enableTagOverride=null, check=Check{script='null', dockerContainerID='null', shell='null', interval='10s', ttl='null', http='http://LENOVO-2021:9003/actuator/health', method='null', header={}, tcp='null', timeout='null', deregisterCriticalServiceAfter='null', tlsSkipVerify=null, status='null', grpc='null', grpcUseTLS=null}, checks=null}
2023-04-07T21:55:04.847+05:30  INFO 5332 --- [restartedMain] c.c.application.AppointmentApplication   : Started AppointmentApplication in 8.06 seconds (process running for 8.901)
2023-04-07T21:55:10.911+05:30  INFO 5332 --- [http-nio-9003-exec-1] o.a.c.c.C.[Tomcat].[localhost].[/]       : Initializing Spring DispatcherServlet 'dispatcherServlet'
2023-04-07T21:55:10.912+05:30  INFO 5332 --- [http-nio-9003-exec-1] o.s.web.servlet.DispatcherServlet        : Initializing Servlet 'dispatcherServlet'
2023-04-07T21:55:10.914+05:30  INFO 5332 --- [http-nio-9003-exec-1] o.s.web.servlet.DispatcherServlet        : Completed initialization in 2 ms
2023-04-07T22:11:55.384+05:30  WARN 5332 --- [http-nio-9003-exec-7] .m.m.a.ExceptionHandlerExceptionResolver : Resolved [com.capstone.application.exception.AppointmentServiceException: No Appointments found with Patient Id 5]
2023-04-07T22:12:29.068+05:30  WARN 5332 --- [http-nio-9003-exec-3] .m.m.a.ExceptionHandlerExceptionResolver : Resolved [com.capstone.application.exception.AppointmentServiceException: No Appointments found with Patient Id 5]
2023-04-07T22:54:28.440+05:30  WARN 5332 --- [http-nio-9003-exec-5] .m.m.a.ExceptionHandlerExceptionResolver : Resolved [com.capstone.application.exception.AppointmentServiceException: No Appointments found with Email Id aakash.solanke@gmail.comand Date 08-04-2023]
2023-04-07T22:54:55.695+05:30  INFO 5332 --- [RMI TCP Connection(69)-127.0.0.1] inMXBeanRegistrar$SpringApplicationAdmin : Application shutdown requested.
2023-04-07T22:54:57.568+05:30  INFO 5332 --- [RMI TCP Connection(70)-127.0.0.1] inMXBeanRegistrar$SpringApplicationAdmin : Application shutdown requested.
2023-04-07T22:54:58.284+05:30  INFO 5332 --- [RMI TCP Connection(69)-127.0.0.1] o.apache.catalina.core.StandardService   : Stopping service [Tomcat]
2023-04-07T22:54:58.385+05:30  INFO 5332 --- [RMI TCP Connection(69)-127.0.0.1] o.a.c.c.C.[Tomcat].[localhost].[/]       : Destroying Spring FrameworkServlet 'dispatcherServlet'
2023-04-07T22:54:58.799+05:30  INFO 5332 --- [RMI TCP Connection(71)-127.0.0.1] inMXBeanRegistrar$SpringApplicationAdmin : Application shutdown requested.
2023-04-07T22:54:59.616+05:30  INFO 5332 --- [RMI TCP Connection(69)-127.0.0.1] o.s.c.c.s.ConsulServiceRegistry          : Deregistering service with consul: g3-appointment-service-9003
2023-04-07T22:55:00.665+05:30  INFO 5332 --- [RMI TCP Connection(69)-127.0.0.1] j.LocalContainerEntityManagerFactoryBean : Closing JPA EntityManagerFactory for persistence unit 'default'
2023-04-07T22:55:01.552+05:30  INFO 5332 --- [RMI TCP Connection(69)-127.0.0.1] com.zaxxer.hikari.HikariDataSource       : HikariPool-1 - Shutdown initiated...
2023-04-07T22:55:01.675+05:30  INFO 5332 --- [RMI TCP Connection(69)-127.0.0.1] com.zaxxer.hikari.HikariDataSource       : HikariPool-1 - Shutdown completed.
